
11 0B DE 62 FF D3 3D 
11 0B DE 62 40 02 CE 3E 00 00 3F 0C 03 42 96 30 CD 52 
11 0B DE 62 2D 7F FF 3D 00 00 0C 00 24 37 01 9A 38 03 B6 3B 02 85 3C 00 48 35 80 00 08 0B D5 09 E5 C3 0A 00 28 A9 99 
11 0B DD FF FF 4B AD 
11 0B DD FF 40 02 AB 3E 00 00 3F 0C 03 42 96 33 4F E2 
11 0B DD FF 2D 7F FF 3D 00 00 0C 00 24 37 01 9A 38 03 B6 3B 02 84 3C 00 48 35 80 00 08 0B D5 09 E5 C3 0A 00 28 2D 28 
11 0B DE 72 FF DE FD 
11 0B DE 72 40 02 B8 3E 00 00 3F 0C 03 42 96 32 90 37 
11 0B DE 72 2D 7F FF 3D 00 00 0C 00 24 37 01 9A 38 03 B6 3B 02 85 3C 00 48 35 80 00 08 0B D5 09 E5 C3 0A 00 28 AE 09 
11 0B DE 4A FF CD 3D 
11 0B DE 4A 40 02 B9 3E 00 00 3F 0C 03 42 96 33 5E 8A 
11 0B DE 4A 2D 7F FF 3D 00 00 0C 00 24 37 01 9A 38 03 B6 3B 02 85 3C 00 48 35 80 00 08 0B D5 09 E5 C3 0A 00 28 A6 11 
11 0B DE 13 FF F7 6D 
11 0B DE 13 40 02 B6 3E 00 00 3F 0C 03 42 96 33 08 0B D5 09 E5 C3 0A 00 28 90 93 
11 0B DE 13 2D 7F FF 3D 00 04 0C 00 24 37 01 9A 38 03 B6 3B 02 7C 3C 00 48 35 80 00 4B 0E 
11 0B DE 62 FF D3 3D 
11 0B DE 62 40 02 CE 3E 00 00 3F 0C 03 42 96 30 CD 52 
11 0B DE 62 2D 7F FF 3D 00 00 0C 00 24 37 01 9A 38 03 B6 3B 02 85 3C 00 48 35 80 00 08 0B D5 09 E5 C3 0A 00 32 28 52 
11 0B DD FF FF 4B AD 
11 0B DD FF 40 02 AB 3E 00 00 3F 0C 03 42 96 33 4F E2 
11 0B DD FF 2D 7F FF 3D 00 00 0C 00 24 37 01 9A 38 03 B6 3B 02 84 3C 00 48 35 80 00 08 0B D5 09 E5 C3 0A 00 32 AC E3 
11 0B DE 72 FF DE FD 
11 0B DE 72 40 02 B8 3E 00 00 3F 0C 03 42 96 32 90 37 
11 0B DE 72 2D 7F FF 3D 00 00 0C 00 24 37 01 9A 38 03 B6 3B 02 85 3C 00 48 35 80 00 08 0B D5 09 E5 C3 0A 00 32 2F C2 
11 0B DE 4A FF CD 3D 
11 0B DE 4A 40 02 B9 3E 00 00 3F 0C 03 42 96 33 5E 8A 
11 0B DE 4A 2D 7F FF 3D 00 00 0C 00 24 37 01 9A 38 03 B6 3B 02 85 3C 00 48 35 80 00 08 0B D5 09 E5 C3 0A 00 32 27 DA 
11 0B DE 13 FF F7 6D 
11 0B DE 13 40 02 B6 3E 00 00 3F 0C 03 42 96 33 08 0B D5 09 E5 C3 0A 00 32 11 58 
11 0B DE 13 2D 7F FF 3D 00 04 0C 00 24 37 01 9A 38 03 B6 3B 02 7C 3C 00 48 35 80 00 4B 0E 
11 0B DE 62 FF D3 3D 
11 0B DE 62 40 02 CE 3E 00 00 3F 0C 03 42 96 30 CD 52 
11 0B DE 62 2D 7F FF 3D 00 00 0C 00 24 37 01 9A 38 03 B6 3B 02 85 3C 00 48 35 80 00 08 0B D5 09 E5 C4 0A 00 00 A8 F3 
11 0B DD FF FF 4B AD 
11 0B DD FF 40 02 AB 3E 00 00 3F 0C 03 42 96 33 4F E2 
11 0B DD FF 2D 7F FF 3D 00 00 0C 00 24 37 01 9A 38 03 B6 3B 02 84 3C 00 48 35 80 00 08 0B D5 09 E5 C4 0A 00 00 2C 42 
11 0B DE 72 FF DE FD 
11 0B DE 72 40 02 B8 3E 00 00 3F 0C 03 42 96 32 90 37 
11 0B DE 72 2D 7F FF 3D 00 00 0C 00 24 37 01 9A 38 03 B6 3B 02 85 3C 00 48 35 80 00 08 0B D5 09 E5 C4 0A 00 00 AF 63 
11 0B DE 4A FF CD 3D 
11 0B DE 4A 40 02 B9 3E 00 00 3F 0C 03 42 96 33 5E 8A 
11 0B DE 4A 2D 7F FF 3D 00 00 0C 00 24 37 01 9A 38 03 B6 3B 02 85 3C 00 48 35 80 00 08 0B D5 09 E5 C4 0A 00 00 A7 7B 
11 0B DE 13 FF F7 6D 
11 0B DE 13 40 02 B6 3E 00 00 3F 0C 03 42 96 33 08 0B D5 09 E5 C4 0A 00 00 91 F9 
11 0B DE 13 2D 7F FF 3D 00 04 0C 00 24 37 01 9A 38 03 B6 3B 02 7C 3C 00 48 35 80 00 4B 0E 
11 0B DE 62 FF D3 3D 
11 0B DE 62 40 02 CD 3E 00 00 3F 0C 03 42 96 30 3D 5D 
11 0B DE 62 2D 7F FF 3D 00 00 0C 00 24 37 01 9A 38 03 B6 3B 02 85 3C 00 48 35 80 00 08 0B D5 09 E5 C4 0A 00 0A 28 F4 
11 0B DD FF FF 4B AD 
11 0B DD FF 40 02 AB 3E 00 00 3F 0C 03 42 96 33 4F E2 
11 0B DD FF 2D 7F FF 3D 00 00 0C 00 24 37 01 9A 38 03 B6 3B 02 84 3C 00 48 35 80 00 08 0B D5 09 E5 C4 0A 00 0A AC 45 
11 0B DE 72 FF DE FD 
11 0B DE 72 40 02 B7 3E 00 00 3F 0C 03 42 96 32 A0 07 
11 0B DE 72 2D 7F FF 3D 00 00 0C 00 24 37 01 9A 38 03 B6 3B 02 85 3C 00 48 35 80 00 08 0B D5 09 E5 C4 0A 00 0A 2F 64 
11 0B DE 4A FF CD 3D 
11 0B DE 4A 40 02 B9 3E 00 00 3F 0C 03 42 96 33 5E 8A 
11 0B DE 4A 2D 7F FF 3D 00 00 0C 00 24 37 01 9A 38 03 B6 3B 02 85 3C 00 48 35 80 00 08 0B D5 09 E5 C4 0A 00 0A 27 7C 
11 0B DE 13 FF F7 6D 
11 0B DE 13 40 02 B6 3E 00 00 3F 0C 03 42 96 33 08 0B D5 09 E5 C4 0A 00 0A 11 FE 
11 0B DE 13 2D 7F FF 3D 00 04 0C 00 24 37 01 9A 38 03 B6 3B 02 7C 3C 00 48 35 80 00 4B 0E 
11 0B DE 62 FF D3 3D 
11 0B DE 62 40 02 CD 3E 00 00 3F 0C 03 42 96 30 3D 5D 
11 0B DE 62 2D 7F FF 3D 00 00 0C 00 24 37 01 9A 38 03 B6 3B 02 85 3C 00 48 35 80 00 08 0B D5 09 E5 C4 0A 00 14 A8 FC 
11 0B DD FF FF 4B AD 
11 0B DD FF 40 02 AB 3E 00 00 3F 0C 03 42 96 33 4F E2 
11 0B DD FF 2D 7F FF 3D 00 00 0C 00 24 37 01 9A 38 03 B6 3B 02 84 3C 00 48 35 80 00 08 0B D5 09 E5 C4 0A 00 14 2C 4D 
11 0B DE 72 FF DE FD 
11 0B DE 72 40 02 B7 3E 00 00 3F 0C 03 42 96 32 A0 07 
11 0B DE 72 2D 7F FF 3D 00 00 0C 00 24 37 01 9A 38 03 B6 3B 02 85 3C 00 48 35 80 00 08 0B D5 09 E5 C4 0A 00 14 AF 6C 
11 0B DE 4A FF CD 3D 
11 0B DE 4A 40 02 B9 3E 00 00 3F 0C 03 42 96 33 5E 8A 
11 0B DE 4A 2D 7F FF 3D 00 00 0C 00 24 37 01 9A 38 03 B6 3B 02 85 3C 00 48 35 80 00 08 0B D5 09 E5 C4 0A 00 14 A7 74 
11 0B DE 13 FF F7 6D 
11 0B DE 13 40 02 B6 3E 00 00 3F 0C 03 42 96 33 08 0B D5 09 E5 C4 0A 00 14 91 F6 
11 0B DE 13 2D 7F FF 3D 00 04 0C 00 24 37 01 9A 38 03 B6 3B 02 7C 3C 00 48 35 80 00 4B 0E 
11 0B DE 62 FF D3 3D 
11 0B DE 62 40 02 CD 3E 00 00 3F 0C 03 42 96 30 3D 5D 
11 0B DE 62 2D 7F FF 3D 00 00 0C 00 24 37 01 9A 38 03 B6 3B 02 85 3C 00 48 35 80 00 08 0B D5 09 E5 C4 0A 00 1E 28 FB 
11 0B DD FF FF 4B AD 
11 0B DD FF 40 02 AB 3E 00 00 3F 0C 03 42 96 33 4F E2 
11 0B DD FF 2D 7F FF 3D 00 00 0C 00 24 37 01 9A 38 03 B6 3B 02 84 3C 00 48 35 80 00 08 0B D5 09 E5 C4 0A 00 1E AC 4A 
11 0B DE 72 FF DE FD 
11 0B DE 72 40 02 B7 3E 00 00 3F 0C 03 42 96 32 A0 07 
11 0B DE 72 2D 7F FF 3D 00 00 0C 00 24 37 01 9A 38 03 B6 3B 02 85 3C 00 48 35 80 00 08 0B D5 09 E5 C4 0A 00 1E 2F 6B 
11 0B DE 4A FF CD 3D 
11 0B DE 4A 40 02 B9 3E 00 00 3F 0C 03 42 96 33 5E 8A 
11 0B DE 4A 2D 7F FF 3D 00 00 0C 00 24 37 01 9A 38 03 B6 3B 02 85 3C 00 48 35 80 00 08 0B D5 09 E5 C4 0A 00 1E 27 73 
11 0B DE 13 FF F7 6D 
11 0B DE 13 40 02 B6 3E 00 00 3F 0C 03 42 96 33 08 0B D5 09 E5 C4 0A 00 1E 11 F1 
11 0B DE 13 2D 7F FF 3D 00 04 0C 00 24 37 01 9A 38 03 B6 3B 02 7C 3C 00 48 35 80 00 4B 0E