11 0B DE 72 FF DE FD 
11 0B DE 72 40 02 C5 3E 00 00 3F 0C 03 42 96 38 83 E1 
11 0B DE 72 2D 7F FF 3D 00 00 0C 00 24 37 01 9A 38 03 B6 3B 02 B1 3C 00 49 35 80 00 08 0B D0 09 F0 2E 0A 00 17 3F 04 03 8A E1 

11 0B DE 72 FF DE FD 
11 0B DE 72 40 02 B8 3E 00 00 3F 0C 03 3C 00 49 3B 02 B1 42 96 38 17 66 
11 0B DE 72 2D 7F FF 3D 00 00 0C 00 24 37 01 9A 38 03 B6 3B 02 B1 3C 00 49 35 80 00 08 0B D0 09 F0 2E 0A 00 21 3F 04 03 85 69 

11 0B DE 72 FF DE FD 
11 0B DE 72 40 02 B8 3E 00 00 3F 0C 03 42 96 38 10 30 
11 0B DE 72 2D 7F FF 3D 00 00 0C 00 24 37 01 9A 38 03 B6 3B 02 B1 3C 00 49 35 80 00 08 0B D0 09 F0 2E 0A 00 2B 3F 04 03 86 B1 




11 0B DE 72 FF DE FD 
11 0B DE 72 40 02 C3 3E 00 00 3F 0C 03 42 96 35 A2 3B 
11 0B DE 72 2D 7F FF 3D 00 00 0C 00 24 37 01 9A 38 03 B6 3B 02 B1 3C 00 49 35 80 00 08 0B D0 09 F0 4B 0A 00 01 3F 04 03 BB AF 

11 0B DE 72 FF DE FD 
11 0B DE 72 40 02 C3 3E 00 00 3F 0C 03 42 96 35 A2 3B 
11 0B DE 72 2D 7F FF 3D 00 00 0C 00 24 37 01 9A 38 03 B6 3B 02 B1 3C 00 49 35 80 00 08 0B D0 09 F0 4B 0A 00 0B 3F 04 03 B8 77 

11 0B DE 72 FF DE FD 
11 0B DE 72 40 02 C3 3E 00 00 3F 0C 03 3C 00 49 3B 02 A8 42 96 35 B3 2C 
11 0B DE 72 2D 7F FF 3D 00 00 0C 00 24 37 01 9A 38 03 B6 3B 02 A8 3C 00 49 35 80 00 08 0B D0 09 F0 4B 0A 00 15 3F 04 03 A5 01 

11 0B DE 72 FF DE FD 
11 0B DE 72 40 02 C3 3E 00 00 3F 0C 03 42 96 35 A2 3B 
11 0B DE 72 2D 7F FF 3D 00 00 0C 00 24 37 01 9A 38 03 B6 3B 02 A8 3C 00 49 35 80 00 08 0B D0 09 F0 4B 0A 00 1F 3F 04 03 A6 D9 
