Logs right after turning the power to the controller back on.

First some seemingly garbage bytes:

20:17:35.139:
00
20:17:35.154:
F0
20:17:35.227:
78
20:17:35.243:
D2
20:17:35.338:
A5

First round of requests get no answers because the thermostats are not up yet:

20:17:37.449:
11 0B DE 62 FF D3 3D
20:17:37.626:
11 0B DD FF FF 4B AD
20:17:37.833:
11 0B DE 72 FF DE FD
20:17:38.025:
11 0B DE 4A FF CD 3D
20:17:38.217:
11 0B DE 13 FF F7 6D


20:17:47.444:
11 0B DE 62 FF D3 3D 11 0B DE 62 40
20:17:47.460:
02 CF 3E 00 00 3F 0C 03 3C 00 48 3B 02 85 42 96 33 08 0B D6 09 ED 12 0A 00 01 66 BD
20:17:47.477:
11 0B DE 62 2D 7F FF 3D 00 04 0C 00 24
20:17:47.493:
37 01 9A 38 03 B6 3B 02 85 3C 00 48 35 80 00 DF D2
20:17:47.620:
11 0B DD FF FF 4B AD
20:17:47.636:
11 0B DD FF 40 02 A9 3E 00 00 3F 0C 03 3C 00 48 3B 02 84 42 96 36 08 0B D6 09 ED 12
20:17:47.652:
0A 00 02 38 86 11 0B
20:17:47.668:
DD FF 2D 7F FF 3D 00 04 0C 00 24 37 01 9A 38 03 B6 3B 02 84 3C 00 48 35 80 00 94 BB
20:17:47.828:
11 0B DE 72 FF DE FD 11
20:17:47.844:
0B DE 72 40 02 BE 3E 00 00 3F 0C 03 3C 00 49 3B 02 84 42 96 36 08 0B D6 09 ED 12 0A 00 02 26
20:17:47.860:
EE 11 0B DE 72 2D 7F FF 3D 00
20:17:47.876:
04 0C 00 24 37 01 9A 38 03 B6 3B 02 84 3C 00 49 35 80 00 9A 7B
20:17:48.020:
11 0B DE 4A FF CD 3D
20:17:48.036:
11 0B DE 4A 40 02 B9 3E 00 00 3F 0C 03 3C 00 48 3B 02 85 42 96 36 08 0B D6 09 ED 12 0A
20:17:48.052:
00 02 29 11 11 0B
20:17:48.068:
DE 4A 2D 7F FF 3D 00 04 0C 00 24 37 01 9A 38 03 B6 3B 02 85 3C 00 48 35 80 00 DE F2
20:17:48.212:
11 0B DE 13 FF
20:17:48.228:
F7 6D 11 0B DE 13 40 02 B7 3E 00 00 3F 0C
20:17:48.244:
03 3C 00 48 3B 02 7C 42 96 36 08 0B D6 09 ED 12 0A 00 02 A4 34
20:17:48.260:
11 0B DE 13 2D 7F FF 3D 00 04 0C 00 24 37
20:17:48.275:
01 9A 38 03 B6 3B 02 7C 3C 00 48 35 80 00 4B 0E


20:17:57.437:
11 0B DE 62 FF D3 3D
20:17:57.453:
11 0B DE 62 40 02 CF 3E 00 00 3F 0C 03 42 96
20:17:57.469:
33 08 0B D6 09 ED 12 0A 00 0B 18 0E
20:17:57.485:
11 0B DE 62 2D 7F FF 3D 00 00 0C 00 24 37 01 9A 38 03 B6 3B 02 85 3C 00 48 35 80 00 08
20:17:57.501:
0B D6 09 ED 12 0A 00 0C 42 7F
20:17:57.613:
11 0B DD FF FF 4B AD
20:17:57.629:
11 0B DD FF 40 02 A9 3E 00 00 3F 0C 03 42 96 36 08 0B D6 09
20:17:57.645:
ED 12 0A 00 0C 8E 45 11 0B
20:17:57.661:
DD FF 2D 7F FF 3D 00 00 0C 00 24 37 01 9A 38 03 B6 3B 02 84 3C 00 48 35 80 00 08 0B D6 09
20:17:57.677:
ED 12 0A 00 0C C6 CE
20:17:57.821:
11 0B DE 72 FF DE FD
20:17:57.837:
11 0B DE 72 40 02 BE 3E 00 00 3F 0C 03 42 96 36 08 0B D6 09 ED 12 0A 00 0C 3F
20:17:57.853:
E6 11 0B DE 72 2D 7F FF 3D
20:17:57.869:
00 00 0C 00 24 37 01 9A 38 03 B6 3B 02 84 3C 00 49 35 80 00 08 0B D6 09 ED 12 0A 00 0C 86
20:17:57.885:
FE
20:17:58.013:
11 0B DE 4A FF CD 3D
20:17:58.029:
11 0B DE 4A 40 02 B9 3E 00 00 3F 0C 03 42 96 36 08 0B D6 09 ED 12 0A
20:17:58.045:
00 0C 30 23 11 0B DE 4A 2D
20:17:58.061:
7F FF 3D 00 00 0C 00 24 37 01 9A 38 03 B6 3B 02 85 3C 00 48 35 80 00 08 0B D6 09 ED 12 0A 00
20:17:58.077:
0C 4D F7
20:17:58.205:
11 0B
20:17:58.221:
DE 13 FF F7 6D 11 0B DE 13 40 02 B7 3E 00
20:17:58.236:
00 3F 0C 03 42 96 36 08 0B D6 09 ED 12 0A 00 0C 56 99
20:17:58.253:
11 0B DE 13 2D 7F FF 3D 00 04 0C 00 24 37 01 9A 38 03 B6 3B 02
20:17:58.268:
7C 3C 00 48 35 80 00 4B 0E
20:18:07.434:
11 0B DE 62 FF D3 3D
20:18:07.450:
11 0B DE 62 40 02 CF 3E 00 00 3F 0C 03 42 96 33 DC 96
20:18:07.466:
11 0B DE 62 2D 7F FF 3D 00 00 0C 00 24 37 01 9A 38 03 B6 3B 02 85
20:18:07.482:
3C 00 48 35 80 00 08 0B D6 09 ED 12 0A 00 16 C3 B4
20:18:07.610:
11 0B DD FF FF 4B AD 11 0B
20:18:07.626:
DD FF 40 02 A9 3E 00 00 3F 0C 03 42 96 36 2E 2B
20:18:07.642:
11 0B DD FF 2D 7F FF 3D 00 00 0C 00 24 37 01 9A 38 03 B6 3B 02 84 3C 00 48 35 80
20:18:07.657:
00 08 0B D6 09 ED 12 0A 00 16 47 05
20:18:07.818:
11 0B DE 72 FF DE FD 11 0B DE 72
20:18:07.833:
40 02 BE 3E 00 00 3F 0C 03 42 96 36 71 EB
20:18:07.849:
11 0B DE 72 2D 7F FF 3D 00 00 0C 00 24 37 01 9A 38 03 B6 3B 02 84 3C 00 49 35 80
20:18:07.865:
00 08 0B D6 09 ED 12 0A 00 16 07 35
20:18:08.009:
11 0B DE 4A FF CD 3D 11 0B DE
20:18:08.025:
4A 40 02 B9 3E 00 00 3F 0C 03 42 96 36 9E 89
20:18:08.041:
11 0B DE 4A 2D 7F FF 3D 00 00 0C 00 24 37 01 9A 38 03 B6 3B 02 85 3C 00 48 35 80 00
20:18:08.057:
08 0B D6 09 ED 12 0A 00 16 CC 3C
20:18:08.201:
11 0B DE
20:18:08.217:
13 FF F7 6D 11 0B DE 13 40 02 B7 3E 00 00
20:18:08.233:
3F 0C 03 42 96 36 08 0B D6 09 ED 12 0A 00 16 D7 52
20:18:08.249:
11 0B DE 13 2D 7F FF 3D 00 04 0C 00 24 37 01 9A 38 03 B6 3B 02 7C
20:18:08.265:
3C 00 48 35 80 00 4B 0E
20:18:17.427:
11 0B DE 62 FF D3 3D
20:18:17.444:
11 0B DE 62 40 02 CF 3E 00 00 3F 0C 03 42 96 33 DC 96
20:18:17.459:
11 0B DE 62 2D 7F FF 3D 00 00 0C 00 24 37 01
20:18:17.475:
9A 38 03 B6 3B 02 85 3C 00 48 35 80 00 08 0B D6 09 ED 12 0A 00 20 43 A2
20:18:17.603:
11 0B DD FF FF 4B AD
20:18:17.619:
11 0B DD FF 40 02 A9 3E 00 00 3F 0C 03 42 96 36 2E 2B
20:18:17.635:
11 0B DD FF 2D 7F FF 3D 00 00 0C 00 24 37 01 9A 38 03 B6 3B 02 84 3C
20:18:17.651:
00 48 35 80 00 08 0B D6 09 ED 12 0A 00 20 C7 13
20:18:17.811:
11 0B DE 72 FF DE FD 11 0B DE 72 40 02
20:18:17.827:
BE 3E 00 00 3F 0C 03 42 96 36 71 EB
20:18:17.843:
11 0B DE 72 2D 7F FF 3D 00 00 0C 00 24 37 01 9A 38 03 B6 3B 02 84 3C 00 49 35 80 00
20:18:17.859:
08 0B D6 09 ED 12 0A 00 20 87 23
20:18:18.003:
11 0B DE 4A FF CD 3D
20:18:18.019:
11 0B DE 4A 40 02 B9 3E 00 00 3F 0C 03 42 96 36 9E 89
20:18:18.034:
11 0B DE 4A 2D 7F FF 3D 00 00 0C 00 24 37 01 9A 38 03 B6 3B 02 85 3C
20:18:18.051:
00 48 35 80 00 08 0B D6 09 ED 12 0A 00 20 4C 2A
20:18:18.195:
11 0B DE 13
20:18:18.210:
FF F7 6D 11 0B DE 13 40 02 B7 3E 00 00 3F
20:18:18.226:
0C 03 42 96 36 08 0B D6 09 ED 12 0A 00 20 57 44
20:18:18.242:
11 0B DE 13 2D 7F FF 3D 00 04 0C 00 24 37 01 9A 38 03 B6 3B 02 7C 3C
20:18:18.259:
00 48 35 80 00 4B 0E
20:18:27.420:
11 0B DE 62 FF D3 3D
20:18:27.436:
11 0B DE 62 40 02 CF 3E 00 00 3F 0C 03 42 96 33 DC 96
20:18:27.452:
11 0B DE 62 2D 7F FF 3D 00 00 0C 00 24 37 01
20:18:27.468:
9A 38 03 B6 3B 02 85 3C 00 48 35 80 00 08 0B D6 09 ED 12 0A 00 2A C3 A5
20:18:27.596:
11 0B DD FF FF 4B AD
20:18:27.612:
11 0B DD FF 40 02 A9 3E 00 00 3F 0C 03 42 96 36 2E 2B
20:18:27.628:
11 0B DD FF 2D 7F FF 3D 00 00 0C 00 24 37 01 9A 38 03 B6 3B 02 84
20:18:27.643:
3C 00 48 35 80 00 08 0B D6 09 ED 12 0A 00 2A 47 14
20:18:27.804:
11 0B DE 72 FF DE FD
20:18:27.820:
11 0B DE 72 40 02 BE 3E 00 00 3F 0C 03 42 96 36 71 EB
20:18:27.836:
11 0B DE 72 2D 7F FF 3D 00 00 0C 00 24 37 01 9A 38 03 B6 3B 02 84
20:18:27.852:
3C 00 49 35 80 00 08 0B D6 09 ED 12 0A 00 2A 07 24
20:18:27.996:
11 0B DE 4A FF CD 3D
20:18:28.011:
11 0B DE 4A 40 02 B9 3E 00 00 3F 0C 03 42 96 36 9E 89
20:18:28.027:
11 0B DE 4A 2D 7F FF 3D 00 00 0C 00 24 37 01 9A 38
20:18:28.043:
03 B6 3B 02 85 3C 00 48 35 80 00 08 0B D6 09 ED 12 0A 00 2A CC 2D
20:18:28.203:
11 0B DE 13 FF F7 6D 11 0B
20:18:28.219:
DE 13 40 02 B7 3E 00 00 3F 0C 03 42 96 36 08 0B D6 09 ED 12 0A 00 2A D7 43
20:18:28.235:
11 0B DE 13 2D 7F FF 3D 00 04 0C 00 24 37 01 9A 38
20:18:28.251:
03 B6 3B 02 7C 3C 00 48 35 80 00 4B 0E
20:18:37.413:
11 0B DE 62
20:18:37.429:
FF D3 3D 11 0B DE 62 40 02 CF 3E 00 00 3F 0C 03 42 96 33 DC
20:18:37.446:
96 11 0B DE 62 2D 7F FF 3D 00 00
20:18:37.461:
0C 00 24 37 01 9A 38 03 B6 3B 02 85 3C 00 48 35 80 00 08 0B D6 09 ED 12 0A 00 34 43 AD
20:18:37.589:
11 0B DD FF FF 4B AD
20:18:37.605:
11 0B DD FF 40 02 A9 3E 00 00 3F 0C 03 42 96 36 2E 2B
20:18:37.621:
11 0B DD FF 2D 7F FF 3D 00 00 0C 00 24 37 01 9A 38 03
20:18:37.637:
B6 3B 02 84 3C 00 48 35 80 00 08 0B D6 09 ED 12 0A 00 34 C7 1C
20:18:37.797:
11 0B DE 72 FF DE FD 11
20:18:37.813:
0B DE 72 40 02 BE 3E 00 00 3F 0C 03 42 96 36 71 EB
20:18:37.830:
11 0B DE 72 2D 7F FF 3D 00 00 0C 00 24 37 01 9A 38 03 B6 3B 02 84 3C
20:18:37.845:
00 49 35 80 00 08 0B D6 09 ED 12 0A 00 34 87 2C
20:18:37.989:
11 0B DE 4A FF CD 3D
20:18:38.005:
11 0B DE 4A 40 02 B9 3E 00 00 3F 0C 03 42 96 36 9E 89
20:18:38.021:
11 0B DE 4A 2D 7F FF 3D 00 00 0C 00 24 37 01 9A 38 03 B6
20:18:38.037:
3B 02 85 3C 00 48 35 80 00 08 0B D6 09 ED 12 0A 00 34 4C 25
20:18:38.197:
11 0B DE 13 FF F7 6D 11 0B DE 13 40 02
20:18:38.213:
B7 3E 00 00 3F 0C 03 42 96 36 08 0B D6 09 ED 12 0A 00 34 57 4B
20:18:38.229:
11 0B DE 13 2D 7F FF 3D 00 04 0C 00 24 37 01 9A 38 03
20:18:38.245:
B6 3B 02 7C 3C 00 48 35 80 00 4B 0E
20:18:47.409:
11 0B DE 62 FF D3 3D
20:18:47.425:
11 0B DE 62 40 02 CF 3E 00 00 3F 0C 03 42 96 33 DC 96
20:18:47.441:
11 0B DE 62 2D 7F FF 3D 00 00 0C 00 24 37
20:18:47.457:
01 9A 38 03 B6 3B 02 85 3C 00 48 35 80 00 08 0B D6 09 ED 13 0A 00 02 C2 47
20:18:47.585:
11 0B DD FF FF 4B AD
20:18:47.601:
11 0B DD FF 40 02 A9 3E 00 00 3F 0C 03 42 96 36 2E 2B
20:18:47.617:
11 0B DD FF 2D 7F FF 3D 00 00 0C 00 24 37 01 9A 38 03 B6 3B 02
20:18:47.633:
84 3C 00 48 35 80 00 08 0B D6 09 ED 13 0A 00 02 46 F6
20:18:47.793:
11 0B DE 72 FF DE FD 11 0B DE 72
20:18:47.809:
40 02 BE 3E 00 00 3F 0C 03 42 96 36 71 EB
20:18:47.825:
11 0B DE 72 2D 7F FF 3D 00 00 0C 00 24 37 01 9A 38 03 B6 3B 02 84 3C 00 49 35 80
20:18:47.841:
00 08 0B D6 09 ED 13 0A 00 02 06 C6
20:18:47.985:
11 0B DE 4A FF CD 3D
20:18:48.001:
11 0B DE 4A 40 02 B9 3E 00 00 3F 0C 03 42 96 36 9E 89
20:18:48.017:
11 0B DE 4A 2D 7F FF 3D 00 00 0C 00 24 37 01 9A 38 03 B6 3B 02 85 3C
20:18:48.033:
00 48 35 80 00 08 0B D6 09 ED 13 0A 00 02 CD CF
20:18:48.192:
11 0B DE 13 FF F7 6D 11 0B
20:18:48.209:
DE 13 40 02 B7 3E 00 00 3F 0C 03 42 96 37 08 0B D6 09 ED 13 0A 00 02 87 64
20:18:48.225:
11 0B DE 13 2D 7F FF 3D 00 04 0C 00 24 37 01 9A
20:18:48.241:
38 03 B6 3B 02 7C 3C 00 48 35 80 00 4B 0E
20:18:57.401:
11 0B DE
20:18:57.417:
62 FF D3 3D 11 0B DE 62 40 02 CF 3E 00 00 3F 0C 03 42 96
20:18:57.433:
33 DC 96 11 0B DE 62 2D 7F FF 3D 00
20:18:57.449:
00 0C 00 24 37 01 9A 38 03 B6 3B 02 85 3C 00 48 35 80 00 08 0B D6 09 ED 13 0A 00 0C 43 83
20:18:57.577:
11 0B DD FF FF 4B AD
20:18:57.593:
11 0B DD FF 40 02 A9 3E 00 00 3F 0C 03 42 96 36 2E 2B
20:18:57.609:
11 0B DD FF 2D 7F FF 3D 00 00 0C 00 24 37
20:18:57.625:
01 9A 38 03 B6 3B 02 84 3C 00 48 35 80 00 08 0B D6 09 ED 13 0A 00 0C C7 32
20:18:57.785:
11 0B DE 72 FF DE FD
20:18:57.801:
11 0B DE 72 40 02 BE 3E 00 00 3F 0C 03 42 96 36 71 EB
20:18:57.817:
11 0B DE 72 2D 7F FF 3D 00 00 0C 00 24 37 01 9A 38 03 B6 3B 02 84
20:18:57.833:
3C 00 49 35 80 00 08 0B D6 09 ED 13 0A 00 0C 87 02
20:18:57.977:
11 0B DE 4A FF CD 3D
20:18:57.993:
11 0B DE 4A 40 02 B9 3E 00 00 3F 0C 03 42 96 36 9E 89
20:18:58.009:
11 0B DE 4A 2D 7F FF 3D 00 00 0C 00 24 37 01
20:18:58.025:
9A 38 03 B6 3B 02 85 3C 00 48 35 80 00 08 0B D6 09 ED 13 0A 00 0C 4C 0B
20:18:58.185:
11 0B DE 13 FF F7 6D 11 0B DE
20:18:58.201:
13 40 02 B7 3E 00 00 3F 0C 03 42 96 37 08 0B D6 09 ED 13 0A 00 0C 06 A0
20:18:58.217:
11 0B DE 13 2D 7F FF 3D 00 04 0C 00 24 37 01 9A 38
20:18:58.232:
03 B6 3B 02 7C 3C 00 48 35 80 00 4B 0E
20:19:07.395:
11 0B
20:19:07.411:
DE 62 FF D3 3D 11 0B DE 62 40 02 CF 3E 00 00 3F 0C 03 42
20:19:07.427:
96 33 DC 96 11 0B DE 62 2D 7F FF 3D
20:19:07.443:
00 00 0C 00 24 37 01 9A 38 03 B6 3B 02 85 3C 00 48 35 80 00 08 0B D6 09 ED 13 0A 00 16 C2 48
20:19:07.571:
11 0B DD FF FF 4B AD
20:19:07.587:
11 0B DD FF 40 02 A9 3E 00 00 3F 0C 03 42 96 36 2E 2B
20:19:07.603:
11 0B DD FF 2D 7F FF 3D 00 00 0C 00 24 37
20:19:07.618:
01 9A 38 03 B6 3B 02 84 3C 00 48 35 80 00 08 0B D6 09 ED 13 0A 00 16 46 F9
20:19:07.778:
11 0B DE 72 FF DE FD
20:19:07.794:
11 0B DE 72 40 02 BE 3E 00 00 3F 0C 03 42 96 36 71 EB
20:19:07.810:
11 0B DE 72 2D 7F FF 3D 00 00 0C 00 24 37 01 9A 38 03 B6 3B
20:19:07.826:
02 84 3C 00 49 35 80 00 08 0B D6 09 ED 13 0A 00 16 06 C9
20:19:07.970:
11 0B DE 4A FF CD 3D
20:19:07.986:
11 0B DE 4A 40 02 B9 3E 00 00 3F 0C 03 42 96 36 9E 89
20:19:08.002:
11 0B DE 4A 2D 7F FF 3D 00 00 0C 00 24 37 01
20:19:08.018:
9A 38 03 B6 3B 02 85 3C 00 48 35 80 00 08 0B D6 09 ED 13 0A 00 16 CD C0
20:19:08.178:
11 0B DE 13 FF F7 6D 11 0B DE
20:19:08.194:
13 40 02 B7 3E 00 00 3F 0C 03 42 96 37 08 0B D6 09 ED 13 0A 00 16 87 6B
20:19:08.210:
11 0B DE 13 2D 7F FF 3D 00 04 0C 00 24 37 01
20:19:08.226:
9A 38 03 B6 3B 02 7C 3C 00 48 35 80 00 4B 0E
20:19:17.404:
11 0B DE 62 FF D3 3D 11 0B DE 62 40 02 CF 3E 00 00 3F
20:19:17.420:
0C 03 42 96 33 DC 96 11 0B DE 62 2D
20:19:17.436:
7F FF 3D 00 00 0C 00 24 37 01 9A 38 03 B6 3B 02 85 3C 00 48 35 80 00 08 0B D6 09 ED 13 0A 00
20:19:17.452:
20 42 5E
20:19:17.563:
11 0B DD FF FF
20:19:17.579:
4B AD 11 0B DD FF 40 02 A9 3E 00 00 3F 0C 03 42 96 36 2E 2B
20:19:17.595:
11 0B DD FF 2D 7F FF 3D 00 00 0C 00
20:19:17.612:
24 37 01 9A 38 03 B6 3B 02 84 3C 00 48 35 80 00 08 0B D6 09 ED 13 0A 00 20 C6 EF
20:19:17.771:
11 0B DE 72 FF DE FD
20:19:17.787:
11 0B DE 72 40 02 BE 3E 00 00 3F 0C 03 42 96 36 71 EB
20:19:17.803:
11 0B DE 72 2D 7F FF 3D 00 00 0C 00 24 37 01 9A 38 03
20:19:17.819:
B6 3B 02 84 3C 00 49 35 80 00 08 0B D6 09 ED 13 0A 00 20 86 DF
20:19:17.963:
11 0B DE 4A FF CD
20:19:17.979:
3D 11 0B DE 4A 40 02 B9 3E 00 00 3F 0C 03 42 96 36 9E 89
20:19:17.995:
11 0B DE 4A 2D 7F FF 3D 00 00 0C 00 24
20:19:18.011:
37 01 9A 38 03 B6 3B 02 85 3C 00 48 35 80 00 08 0B D6 09 ED 13 0A 00 20 4D D6
20:19:18.171:
11 0B DE 13 FF F7 6D
20:19:18.187:
11 0B DE 13 40 02 B7 3E 00 00 3F 0C 03 42 96 37 08 0B D6 09 ED 13 0A
20:19:18.203:
00 20 07 7D 11 0B DE 13 2D 7F
20:19:18.219:
FF 3D 00 04 0C 00 24 37 01 9A 38 03 B6 3B 02 7C 3C 00 48 35 80 00 4B 0E
20:19:27.396:
11 0B DE 62 FF D3 3D 11 0B DE 62
20:19:27.412:
40 02 CF 3E 00 00 3F 0C 03 42 96 33 DC 96
20:19:27.428:
11 0B DE 62 2D 7F FF 3D 00 00 0C 00 24 37 01 9A 38 03 B6 3B 02 85 3C 00 48 35 80 00
20:19:27.444:
08 0B D6 09 ED 13 0A 00 2A C2 59
20:19:27.572:
11 0B DD FF FF 4B AD 11 0B DD FF 40 02 A9 3E 00 00 3F
20:19:27.587:
0C 03 42 96 36 2E 2B 11 0B DD FF 2D
20:19:27.604:
7F FF 3D 00 00 0C 00 24 37 01 9A 38 03 B6 3B 02 84 3C 00 48 35 80 00 08 0B D6 09 ED 13 0A
20:19:27.620:
00 2A 46 E8
20:19:27.764:
11 0B DE 72 FF DE
20:19:27.780:
FD 11 0B DE 72 40 02 BE 3E 00 00 3F 0C 03 42 96 36 71 EB
20:19:27.796:
11 0B DE 72 2D 7F FF 3D 00 00 0C
20:19:27.812:
00 24 37 01 9A 38 03 B6 3B 02 84 3C 00 49 35 80 00 08 0B D6 09 ED 13 0A 00 2A 06 D8
20:19:27.971:
11 0B DE 4A FF CD 3D 11 0B DE 4A 40 02 B9 3E 00 00 3F 0C
20:19:27.988:
03 42 96 36 9E 89 11 0B DE 4A 2D 7F
20:19:28.003:
FF 3D 00 00 0C 00 24 37 01 9A 38 03 B6 3B 02 85 3C 00 48 35 80 00 08 0B D6 09 ED 13 0A 00 2A
20:19:28.019:
CD D1
20:19:28.163:
11 0B DE 13 FF F7 6D
20:19:28.179:
11 0B DE 13 40 02 B7 3E 00 00 3F 0C 03 42 96 37 08 0B D6 09 ED 13 0A 00
20:19:28.195:
2A 87 7A 11 0B DE 13 2D 7F
20:19:28.211:
FF 3D 00 04 0C 00 24 37 01 9A 38 03 B6 3B 02 7C 3C 00 48 35 80 00 4B 0E
20:19:37.392:
11 0B DE 62 FF D3 3D 11 0B DE 62 40 02
20:19:37.408:
CF 3E 00 00 3F 0C 03 42 96 33 DC 96
20:19:37.424:
11 0B DE 62 2D 7F FF 3D 00 00 0C 00 24 37 01 9A 38 03 B6 3B 02 85 3C 00 48 35 80 00 08 0B D6
20:19:37.440:
09 ED 13 0A 00 34 42 51
20:19:37.552:
11
20:19:37.568:
0B DD FF FF 4B AD 11 0B DD FF 40 02 A9 3E 00 00 3F 0C 03 42
20:19:37.584:
96 36 2E 2B 11 0B DD FF 2D 7F
20:19:37.600:
FF 3D 00 00 0C 00 24 37 01 9A 38 03 B6 3B 02 84 3C 00 48 35 80 00 08 0B D6 09 ED 13 0A 00
20:19:37.616:
34 C6 E0
20:19:37.760:
11 0B DE 72 FF DE FD
20:19:37.776:
11 0B DE 72 40 02 BE 3E 00 00 3F 0C 03 42 96 36 71 EB
20:19:37.792:
11 0B DE 72 2D 7F FF 3D 00 00 0C 00 24 37
20:19:37.808:
01 9A 38 03 B6 3B 02 84 3C 00 49 35 80 00 08 0B D6 09 ED 13 0A 00 34 86 D0
20:19:37.952:
11 0B
20:19:37.968:
DE 4A FF CD 3D 11 0B DE 4A 40 02 B9 3E 00 00 3F 0C 03 42 96
20:19:37.984:
36 9E 89 11 0B DE 4A 2D 7F FF
20:19:38.000:
3D 00 00 0C 00 24 37 01 9A 38 03 B6 3B 02 85 3C 00 48 35 80 00 08 0B D6 09 ED 13 0A 00 34 4D
20:19:38.016:
D9
20:19:38.160:
11 0B DE 13 FF F7 6D
20:19:38.176:
11 0B DE 13 40 02 B7 3E 00 00 3F 0C 03 42 96 37 08 0B D6 09 ED 13 0A 00 34
20:19:38.192:
07 72 11 0B DE 13 2D 7F FF 3D 00
20:19:38.208:
04 0C 00 24 37 01 9A 38 03 B6 3B 02 7C 3C 00 48 35 80 00 4B 0E
20:19:47.372:
11
20:19:47.388:
0B DE 62 FF D3 3D 11 0B DE 62 40 02 CF 3E 00 00 3F 0C 03
20:19:47.404:
42 96 33 DC 96 11 0B DE 62 2D 7F FF
20:19:47.420:
3D 00 00 0C 00 24 37 01 9A 38 03 B6 3B 02 85 3C 00 48 35 80 00 08 0B D6 09 ED 14 0A 00 02 C3
20:19:47.437:
33
20:19:47.548:
11 0B DD FF FF 4B AD
20:19:47.564:
11 0B DD FF 40 02 A9 3E 00 00 3F 0C 03 42 96 36 2E 2B
20:19:47.580:
11 0B DD FF 2D 7F FF 3D 00 00 0C 00 24 37 01
20:19:47.597:
9A 38 03 B6 3B 02 84 3C 00 48 35 80 00 08 0B D6 09 ED 14 0A 00 02 47 82
20:19:47.756:
11 0B DE 72 FF DE FD
20:19:47.772:
11 0B DE 72 40 02 BE 3E 00 00 3F 0C 03 42 96 36 71 EB
20:19:47.788:
11 0B DE 72 2D 7F FF 3D 00 00 0C 00 24 37 01 9A 38 03 B6 3B 02
20:19:47.804:
84 3C 00 49 35 80 00 08 0B D6 09 ED 14 0A 00 02 07 B2
20:19:47.948:
11 0B DE 4A FF CD 3D
20:19:47.964:
11 0B DE 4A 40 02 B9 3E 00 00 3F 0C 03 42 96 36 9E 89
20:19:47.980:
11 0B DE 4A 2D 7F FF 3D 00 00 0C 00 24 37
20:19:47.996:
01 9A 38 03 B6 3B 02 85 3C 00 48 35 80 00 08 0B D6 09 ED 14 0A 00 02 CC BB
20:19:48.156:
11 0B DE 13 FF F7 6D 11 0B
20:19:48.172:
DE 13 40 02 B7 3E 00 00 3F 0C 03 42 96 37 08 0B D6 09 ED 14 0A 00 02 86 10
20:19:48.188:
11 0B DE 13 2D 7F FF 3D 00 04 0C 00 24 37 01 9A
20:19:48.204:
38 03 B6 3B 02 7C 3C 00 48 35 80 00 4B 0E
20:19:57.380:
11 0B DE 62 FF D3 3D 11 0B DE 62 40
20:19:57.396:
02 CF 3E 00 00 3F 0C 03 42 96 33 DC 96
20:19:57.412:
11 0B DE 62 2D 7F FF 3D 00 00 0C 00 24 37 01 9A 38 03 B6 3B 02 85 3C 00 48 35 80 00 08
20:19:57.428:
0B D6 09 ED 14 0A 00 0C 42 F7
20:19:57.556:
11 0B DD FF FF 4B AD 11 0B DD FF 40 02 A9 3E 00 00
20:19:57.572:
3F 0C 03 42 96 36 2E 2B 11 0B DD FF
20:19:57.588:
2D 7F FF 3D 00 00 0C 00 24 37 01 9A 38 03 B6 3B 02 84 3C 00 48 35 80 00 08 0B D6 09 ED 14
20:19:57.604:
0A 00 0C C6 46
20:19:57.747:
11 0B DE 72
20:19:57.763:
FF DE FD 11 0B DE 72 40 02 BE 3E 00 00 3F 0C 03 42 96 36 71
20:19:57.779:
EB 11 0B DE 72 2D 7F FF 3D 00 00 0C
20:19:57.796:
00 24 37 01 9A 38 03 B6 3B 02 84 3C 00 49 35 80 00 08 0B D6 09 ED 14 0A 00 0C 86 76
20:19:57.955:
11 0B DE 4A FF CD 3D 11 0B DE 4A 40 02 B9 3E 00 00
20:19:57.971:
3F 0C 03 42 96 36 9E 89 11 0B DE 4A
20:19:57.987:
2D 7F FF 3D 00 00 0C 00 24 37 01 9A 38 03 B6 3B 02 85 3C 00 48 35 80 00 08 0B D6 09 ED 14 0A
20:19:58.003:
00 0C 4D 7F
20:19:58.147:
11 0B DE 13 FF F7 6D
20:19:58.163:
11 0B DE 13 40 02 B7 3E 00 00 3F 0C 03 42 96 37 08 0B D6 09 ED 14
20:19:58.179:
0A 00 0C 07 D4 11 0B DE 13 2D 7F
20:19:58.195:
FF 3D 00 04 0C 00 24 37 01 9A 38 03 B6 3B 02 7C 3C 00 48 35 80 00 4B 0E