11 0B DE 72 FF DE FD 
11 0B DE 72 40 02 BD 3E 00 00 3F 0C 03 42 96 36 81 E4 
11 0B DE 72 2D 7F FF 3D 00 40 0C 00 24 37 01 9A 38 03 B6 3B 02 DE 3C 00 49 35 80 00 08 0B D6 09 ED 6D 0A 00 18 9B 3E 

11 0B DE 72 FF DE FD 
11 0B DE 72 40 02 BD 3E 00 02 3F 0D 03 42 96 36 41 7F FF 4B 4A 
11 0B DE 72 2D 7F FF 3D 00 40 0C 00 24 37 01 9A 38 03 B6 3B 02 DE 3C 00 49 35 80 00 08 0B D6 09 ED 6D 0A 00 22 3F 04 03 1F 9A 

11 0B DE 72 FF DE FD 
11 0B DE 72 40 02 BD 3E 00 02 3F 0C 03 42 96 36 A2 24 
11 0B DE 72 2D 7F FF 3D 00 40 0C 00 24 37 01 9A 38 03 B6 3B 02 DE 3C 00 49 35 80 00 08 0B D6 09 ED 6D 0A 00 2C 3F 04 03 1D 72 

11 0B DE 72 FF DE FD 
11 0B DE 72 40 02 BD 3E 00 02 3F 0C 03 42 96 36 A2 24 
11 0B DE 72 2D 7F FF 3D 00 40 0C 00 24 37 01 9A 38 03 B6 3B 02 DE 3C 00 49 35 80 00 08 0B D6 09 ED 6D 0A 00 36 3F 04 03 1A 6A 

11 0B DE 72 FF DE FD 
11 0B DE 72 40 02 BD 3E 00 00 3F 0C 03 42 96 36 81 E4 
11 0B DE 72 2D 7F FF 3D 00 40 0C 00 24 37 01 9A 38 03 B6 3B 02 DE 3C 00 49 35 80 00 08 0B D6 09 ED 6E 0A 00 04 3F 04 03 27 D2 

11 0B DE 72 FF DE FD 
11 0B DE 72 40 02 BD 3E 00 00 3F 0C 03 42 96 36 81 E4 
11 0B DE 72 2D 7F FF 3D 00 40 0C 00 24 37 01 9A 38 03 B6 3B 02 DE 3C 00 49 35 80 00 08 0B D6 09 ED 6E 0A 00 0E 3F 04 03 24 0A 

11 0B DE 72 FF DE FD 
11 0B DE 72 40 02 BD 3E 00 00 3F 0C 03 42 96 36 81 E4 
11 0B DE 72 2D 7F FF 3D 00 40 0C 00 24 37 01 9A 38 03 B6 3B 02 DE 3C 00 49 35 80 00 08 0B D6 09 ED 6E 0A 00 18 3F 04 03 20 42 

11 0B DE 72 FF DE FD 
11 0B DE 72 40 02 BD 3E 00 00 3F 0C 03 42 96 36 81 E4 
11 0B DE 72 2D 7F FF 3D 00 40 0C 00 24 37 01 9A 38 03 B6 3B 02 DE 3C 00 49 35 80 00 08 0B D6 09 ED 6E 0A 00 22 3F 04 03 2C 9A 

11 0B DE 72 FF DE FD 
11 0B DE 72 40 02 BD 3E 00 00 3F 0C 03 42 96 36 81 E4 
11 0B DE 72 2D 7F FF 3D 00 40 0C 00 24 37 01 9A 38 03 B6 3B 02 DE 3C 00 49 35 80 00 08 0B D6 09 ED 6E 0A 00 2C 3F 04 03 2E 72 

11 0B DE 72 FF DE FD 
11 0B DE 72 40 02 BD 3E 00 00 3F 0C 03 42 96 36 81 E4 
11 0B DE 72 2D 7F FF 3D 00 40 0C 00 24 37 01 9A 38 03 B6 3B 02 DE 3C 00 49 35 80 00 08 0B D6 09 ED 6E 0A 00 36 3F 04 03 29 6A 

11 0B DE 72 FF DE FD 
11 0B DE 72 40 02 BD 3E 00 00 3F 0C 03 42 96 36 81 E4 
11 0B DE 72 2D 7F FF 3D 00 40 0C 00 24 37 01 9A 38 03 B6 3B 02 DE 3C 00 49 35 80 00 08 0B D6 09 ED 6F 0A 00 04 3F 04 03 37 12 

11 0B DE 72 FF DE FD 
11 0B DE 72 40 02 BD 3E 00 00 3F 0C 03 42 96 36 81 E4 
11 0B DE 72 2D 7F FF 3D 00 40 0C 00 24 37 01 9A 38 03 B6 3B 02 DE 3C 00 49 35 80 00 08 0B D6 09 ED 6F 0A 00 0E 3F 04 03 34 CA 

11 0B DE 72 FF DE FD 
11 0B DE 72 40 02 BD 3E 00 00 3F 0C 03 42 96 36 81 E4 
11 0B DE 72 2D 7F FF 3D 00 40 0C 00 24 37 01 9A 38 03 B6 3B 02 DE 3C 00 49 35 80 00 08 0B D6 09 ED 6F 0A 00 18 3F 04 03 30 82 
