Changed program to P-5

11 0B DE 72 FF DE FD 
11 0B DE 72 40 02 BE 3E 00 00 3F 0C 03 42 96 36 71 EB 
11 0B DE 72 2D 7F FF 3D 00 00 0C 00 24 37 01 9A 38 03 B6 3B 02 84 3C 00 49 35 80 00 08 0B D6 09 ED 28 0A 00 33 3F 04 03 45 53 

11 0B DE 72 FF DE FD 
11 0B DE 72 40 02 BE 3E 40 00 3F 0C 03 42 96 36 75 DB 
11 0B DE 72 2D 7F FF 3D 00 00 0C 00 24 37 01 9A 38 03 B6 3B 02 84 3C 00 49 35 80 00 08 0B D6 09 ED 29 0A 00 01 3F 04 03 5B 2B 

11 0B DE 72 FF DE FD 
11 0B DE 72 40 02 BE 3E 40 00 3F 0C 03 42 96 36 75 DB 
11 0B DE 72 2D 7F FF 3D 00 00 0C 00 24 37 01 9A 38 03 B6 3B 02 84 3C 00 49 35 80 00 08 0B D6 09 ED 29 0A 00 0B 3F 04 03 58 F3 

11 0B DE 72 FF DE FD 
11 0B DE 72 40 02 BE 3E 40 08 3F 0C 03 42 96 36 FC 1B 
11 0B DE 72 2D 7F FF 3D 00 00 0C 00 24 37 01 9A 38 03 B6 3B 02 84 3C 00 49 35 80 00 08 0B D6 09 ED 29 0A 00 15 3F 04 03 5E DB 

11 0B DE 72 FF DE FD 
11 0B DE 72 40 02 BF 3E 40 08 3F 0C 03 42 96 36 AD DE 
11 0B DE 72 2D 7F FF 3D 00 00 0C 00 24 37 01 9A 38 03 B6 3B 02 84 3C 00 49 35 80 00 08 0B D6 09 ED 29 0A 00 1F 3F 04 03 5D 03 

11 0B DE 72 FF DE FD 
11 0B DE 72 40 02 BF 3E 40 08 3F 0C 03 42 96 36 AD DE 
11 0B DE 72 2D 7F FF 3D 00 00 0C 00 24 37 01 9A 38 03 B6 3B 02 84 3C 00 49 35 80 00 08 0B D6 09 ED 29 0A 00 29 3F 04 03 52 8B 

11 0B DE 72 FF DE FD 
11 0B DE 72 40 02 BF 3E 40 08 3F 0C 03 42 96 36 AD DE 
11 0B DE 72 2D 7F FF 3D 00 00 0C 00 24 37 01 9A 38 03 B6 3B 02 84 3C 00 49 35 80 00 08 0B D6 09 ED 29 0A 00 33 3F 04 03 55 93 

Changed to P-3?:

11 0B DE 72 FF DE FD 
11 0B DE 72 40 02 C0 3E 40 00 3F 0C 03 42 96 36 16 05 
11 0B DE 72 2D 7F FF 3D 00 00 0C 00 24 37 01 9A 38 03 B6 3B 02 84 3C 00 49 35 80 00 08 0B D6 09 ED 30 0A 00 15 3F 04 03 D6 1A

Changed to U:

11 0B DE 72 FF DE FD 
11 0B DE 72 40 02 C0 3E 40 00 3F 0C 03 42 96 35 56 04 
11 0B DE 72 2D 7F FF 3D 00 00 0C 00 24 37 01 9A 38 03 B6 3B 02 84 3C 00 49 35 80 00 08 0B D6 09 ED 35 0A 00 20 3F 04 03 8C D6

Set setpoint:

11 0B DE 72 FF DE FD 
11 0B DE 72 40 02 C0 3E 00 00 3F 0C 03 3C 00 49 3B 02 CD 42 96 35 ED 11 
11 0B DE 72 2D 7F FF 3D 00 00 0C 00 24 37 01 9A 38 03 B6 3B 02 CD 3C 00 49 35 80 00 08 0B D6 09 ED 44 0A 00 0C 3F 04 03 2F 13