11 0B DE 72 FF DE FD 
11 0B DE 72 40 02 B1 3E 00 00 3F 0C 03 42 96 38 C0 1F 
11 0B DE 72 2D 7F FF 3D 00 00 0C 00 24 37 01 9A 38 03 B6 3B 02 85 3C 00 48 35 80 00 08 0B D6 09 EC 02 0A 00 21 BC F2 
11 0B DE 72 FF DE FD 
11 0B DE 72 40 02 B6 3E 00 00 3F 0C 03 42 96 38 71 C5 
11 0B DE 72 2D 7F FF 3D 00 00 0C 00 24 37 01 9A 38 03 B6 3B 02 85 3C 00 48 35 80 00 08 0B D6 09 EC 78 0A 00 15 A4 3D 
11 0B DE 72 FF DE FD 
11 0B DE 72 40 02 B6 3E 40 00 3F 0C 03 42 96 38 75 F5 
11 0B DE 72 2D 7F FF 3D 00 00 0C 00 24 37 01 9A 38 03 B6 3B 02 85 3C 00 48 35 80 00 08 0B D6 09 EC 78 0A 00 1F 24 3A 
11 0B DE 72 FF DE FD 
11 0B DE 72 40 02 B6 3E 00 00 3F 0C 03 42 96 38 71 C5 
11 0B DE 72 2D 7F FF 3D 00 00 0C 00 24 37 01 9A 38 03 B6 3B 02 85 3C 00 48 35 80 00 08 0B D6 09 EC 78 0A 00 29 A4 2C 
11 0B DE 72 FF DE FD 
11 0B DE 72 40 02 B6 3E 00 00 3F 0C 03 3C 00 52 3B 02 85 42 96 38 36 33 
11 0B DE 72 2D 7F FF 3D 00 00 0C 00 24 37 01 9A 38 03 B6 3B 02 85 3C 00 52 35 80 00 08 0B D6 09 EC 78 0A 00 33 03 7D 
11 0B DE 72 FF DE FD 
11 0B DE 72 40 7F FF 3E 00 00 3F 0F 03 42 96 39 41 7F FF EC B2 
11 0B DE 72 2D 7F FF 3D 00 00 0C 00 24 37 01 9A 38 03 B6 3B 02 85 3C 00 52 35 80 00 08 0B D6 09 EC 79 0A 00 01 3F 04 03 BD E5 
11 0B DE 72 FF DE FD 
11 0B DE 72 40 02 B6 3E 00 02 3F 0D 03 42 96 39 41 7F FF 52 D5 
11 0B DE 72 2D 7F FF 3D 00 00 0C 00 24 37 01 9A 38 03 B6 3B 02 85 3C 00 52 35 80 00 08 0B D6 09 EC 79 0A 00 0B 3F 04 03 BE 3D 
11 0B DE 72 FF DE FD 
11 0B DE 72 40 02 B8 3E 00 02 3F 08 03 42 96 39 03 F0 
11 0B DE 72 2D 7F FF 3D 00 00 0C 00 24 37 01 9A 38 03 B6 3B 02 85 3C 00 52 35 80 00 08 0B D6 09 EC 79 0A 00 15 3F 04 03 B8 15 
11 0B DE 72 FF DE FD 
11 0B DE 72 40 02 B9 3E 00 02 3F 0C 03 42 96 39 A3 F5 
11 0B DE 72 2D 7F FF 3D 00 00 0C 00 24 37 01 9A 38 03 B6 3B 02 85 3C 00 52 35 80 00 08 0B D6 09 EC 79 0A 00 1F 3F 04 03 BB CD 
11 0B DE 72 FF DE FD 
11 0B DE 72 40 02 B2 3E 00 00 3F 0C 03 3C 00 52 3B 02 85 42 96 39 F5 30 
11 0B DE 72 2D 7F FF 3D 00 00 0C 00 24 37 01 9A 38 03 B6 3B 02 85 3C 00 52 35 80 00 08 0B D6 09 EC 79 0A 00 29 3F 04 03 B4 45 
11 0B DE 72 FF DE FD 
11 0B DE 72 40 02 B2 3E 00 00 3F 0C 03 42 96 39 F1 D0 
11 0B DE 72 2D 7F FF 3D 00 00 0C 00 24 37 01 9A 38 03 B6 3B 02 85 3C 00 52 35 80 00 08 0B D6 09 EC 79 0A 00 33 3F 04 03 B3 5D 
11 0B DE 72 FF DE FD 
11 0B DE 72 40 02 B2 3E 00 00 3F 0C 03 42 96 39 F1 D0 
11 0B DE 72 2D 7F FF 3D 00 00 0C 00 24 37 01 9A 38 03 B6 3B 02 85 3C 00 52 35 80 00 08 0B D6 09 EC 7A 0A 00 01 3F 04 03 8E E5 
11 0B DE 72 FF DE FD 
11 0B DE 72 40 02 B1 3E 00 00 3F 0C 03 42 96 39 01 DF 
11 0B DE 72 2D 7F FF 3D 00 00 0C 00 24 37 01 9A 38 03 B6 3B 02 85 3C 00 52 35 80 00 08 0B D6 09 EC 7A 0A 00 0B 3F 04 03 8D 3D 
11 0B DE 72 FF DE FD 
11 0B DE 72 40 02 B1 3E 00 00 3F 0C 03 42 96 39 01 DF 
11 0B DE 72 2D 7F FF 3D 00 00 0C 00 24 37 01 9A 38 03 B6 3B 02 85 3C 00 52 35 80 00 08 0B D6 09 EC 7A 0A 00 15 3F 04 03 8B 15 
11 0B DE 72 FF DE FD 
11 0B DE 72 40 02 B1 3E 00 00 3F 0C 03 42 96 39 01 DF 
11 0B DE 72 2D 7F FF 3D 00 00 0C 00 24 37 01 9A 38 03 B6 3B 02 85 3C 00 52 35 80 00 08 0B D6 09 EC 7A 0A 00 1F 3F 04 03 88 CD 
11 0B DE 72 FF DE FD 
11 0B DE 72 40 02 B1 3E 00 00 3F 0C 03 42 96 39 01 DF 
11 0B DE 72 2D 7F FF 3D 00 00 0C 00 24 37 01 9A 38 03 B6 3B 02 85 3C 00 52 35 80 00 08 0B D6 09 EC 7A 0A 00 29 3F 04 03 87 45 
11 0B DE 72 FF DE FD 
11 0B DE 72 40 02 B1 3E 00 00 3F 0C 03 42 96 39 01 DF 
11 0B DE 72 2D 7F FF 3D 00 00 0C 00 24 37 01 9A 38 03 B6 3B 02 85 3C 00 52 35 80 00 08 0B D6 09 EC 7A 0A 00 33 3F 04 03 80 5D 
11 0B DE 72 FF DE FD 
11 0B DE 72 40 02 B2 3E 00 00 3F 0C 03 42 96 38 30 10 
11 0B DE 72 2D 7F FF 3D 00 00 0C 00 24 37 01 9A 38 03 B6 3B 02 85 3C 00 52 35 80 00 08 0B D6 09 EC 7B 0A 00 01 3F 04 03 9E 25 
11 0B DE 72 FF DE FD 
11 0B DE 72 40 02 B2 3E 00 00 3F 0C 03 42 96 38 30 10 
11 0B DE 72 2D 7F FF 3D 00 00 0C 00 24 37 01 9A 38 03 B6 3B 02 85 3C 00 52 35 80 00 08 0B D6 09 EC 7B 0A 00 0B 3F 04 03 9D FD 
11 0B DE 72 FF DE FD 
11 0B DE 72 40 02 B2 3E 00 00 3F 0C 03 42 96 38 30 10 
11 0B DE 72 2D 7F FF 3D 00 00 0C 00 24 37 01 9A 38 03 B6 3B 02 85 3C 00 52 35 80 00 08 0B D6 09 EC 7B 0A 00 15 3F 04 03 9B D5 
11 0B DE 72 FF DE FD 
11 0B DE 72 40 02 B2 3E 00 00 3F 0C 03 42 96 38 30 10 
11 0B DE 72 2D 7F FF 3D 00 00 0C 00 24 37 01 9A 38 03 B6 3B 02 85 3C 00 52 35 80 00 08 0B D6 09 EC 7B 0A 00 1F 3F 04 03 98 0D 
11 0B DE 72 FF DE FD 
11 0B DE 72 40 02 B2 3E 00 00 3F 0C 03 42 96 38 30 10 
11 0B DE 72 2D 7F FF 3D 00 00 0C 00 24 37 01 9A 38 03 B6 3B 02 85 3C 00 52 35 80 00 08 0B D6 09 EC 7B 0A 00 29 3F 04 03 97 85 
11 0B DE 72 FF DE FD 
11 0B DE 72 40 02 B2 3E 00 00 3F 0C 03 42 96 38 30 10 
11 0B DE 72 2D 7F FF 3D 00 00 0C 00 24 37 01 9A 38 03 B6 3B 02 85 3C 00 52 35 80 00 08 0B D6 09 EC 7B 0A 00 33 3F 04 03 90 9D 
11 0B DE 72 FF DE FD 
11 0B DE 72 40 02 B2 3E 00 00 3F 0C 03 42 96 38 30 10 
11 0B DE 72 2D 7F FF 3D 00 00 0C 00 24 37 01 9A 38 03 B6 3B 02 85 3C 00 52 35 80 00 08 0B D6 09 EC 80 0A 00 01 3F 04 03 D4 EA 
11 0B DE 72 FF DE FD 
11 0B DE 72 40 02 B2 3E 00 00 3F 0C 03 42 96 38 30 10 
11 0B DE 72 2D 7F FF 3D 00 00 0C 00 24 37 01 9A 38 03 B6 3B 02 85 3C 00 52 35 80 00 08 0B D6 09 EC 80 0A 00 0B 3F 04 03 D7 32 
11 0B DE 72 FF DE FD 
11 0B DE 72 40 02 B2 3E 00 00 3F 0C 03 3C 00 49 3B 02 85 42 96 38 9F F1 
11 0B DE 72 2D 7F FF 3D 00 00 0C 00 24 37 01 9A 38 03 B6 3B 02 85 3C 00 49 35 80 00 08 0B D6 09 EC 80 0A 00 15 3F 04 03 9B E1 
11 0B DE 72 FF DE FD 
11 0B DE 72 40 02 B2 3E 00 00 3F 08 03 42 96 38 C1 D0 
11 0B DE 72 2D 7F FF 3D 00 00 0C 00 24 37 01 9A 38 03 B6 3B 02 85 3C 00 49 35 80 00 08 0B D6 09 EC 80 0A 00 1F 3F 04 03 98 39 
11 0B DE 72 FF DE FD 
11 0B DE 72 40 02 B5 3E 00 00 3F 0C 03 42 96 38 81 CA 
11 0B DE 72 2D 7F FF 3D 00 00 0C 00 24 37 01 9A 38 03 B6 3B 02 85 3C 00 49 35 80 00 08 0B D6 09 EC 80 0A 00 29 3F 04 03 97 B1 
11 0B DE 72 FF DE FD 
11 0B DE 72 40 02 B5 3E 00 00 3F 0C 03 42 96 38 81 CA 
11 0B DE 72 2D 7F FF 3D 00 00 0C 00 24 37 01 9A 38 03 B6 3B 02 85 3C 00 49 35 80 00 08 0B D6 09 EC 80 0A 00 33 3F 04 03 90 A9 
11 0B DE 72 FF DE FD 
11 0B DE 72 40 02 B4 3E 00 00 3F 0C 03 42 96 39 11 CF 
11 0B DE 72 2D 7F FF 3D 00 00 0C 00 24 37 01 9A 38 03 B6 3B 02 85 3C 00 49 35 80 00 08 0B D6 09 EC 81 0A 00 01 3F 04 03 8E D1 