
11 0B DE 62 FF D3 3D 
11 0B DE 62 40 02 CF 3E 00 00 3F 0C 03 42 96 30 9C 97 
11 0B DE 62 2D 7F FF 3D 00 00 0C 00 24 37 01 9A 38 03 B6 3B 02 85 3C 00 48 35 80 00 08 0B D6 09 EB 5B 0A 00 2B 9C 39 
11 0B DD FF FF 4B AD 
11 0B DD FF 40 02 AE 3E 00 00 3F 0C 03 42 96 35 DF F0 
11 0B DD FF 2D 7F FF 3D 00 00 0C 00 24 37 01 9A 38 03 B6 3B 02 84 3C 00 48 35 80 00 08 0B D6 09 EB 5B 0A 00 2B 18 88 
11 0B DE 72 FF DE FD 
11 0B DE 72 40 02 B7 3E 00 00 3F 0C 03 42 96 35 E1 C5 
11 0B DE 72 2D 7F FF 3D 00 00 0C 00 24 37 01 9A 38 03 B6 3B 02 85 3C 00 48 35 80 00 08 0B D6 09 EB 5B 0A 00 2B 9B A9 
11 0B DE 4A FF CD 3D 
11 0B DE 4A 40 02 B6 3E 00 00 3F 0C 03 42 96 34 2F 78 
11 0B DE 4A 2D 7F FF 3D 00 00 0C 00 24 37 01 9A 38 03 B6 3B 02 85 3C 00 48 35 80 00 08 0B D6 09 EB 5B 0A 00 2B 93 B1 
11 0B DE 13 FF F7 6D 
11 0B DE 13 40 02 B6 3E 00 00 3F 0C 03 42 96 34 08 0B D6 09 EB 5B 0A 00 2B 14 E9 
11 0B DE 13 2D 7F FF 3D 00 04 0C 00 24 37 01 9A 38 03 B6 3B 02 7C 3C 00 48 35 80 00 4B 0E 

11 0B DE 62 FF D3 3D 
11 0B DE 62 40 02 CF 3E 00 00 3F 0C 03 42 96 30 9C 97 
11 0B DE 62 2D 7F FF 3D 00 00 0C 00 24 37 01 9A 38 03 B6 3B 02 85 3C 00 48 35 80 00 08 0B D6 09 EB 5B 0A 00 35 1C 31 
11 0B DD FF FF 4B AD 
11 0B DD FF 40 02 AE 3E 00 00 3F 0C 03 42 96 35 DF F0 
11 0B DD FF 2D 7F FF 3D 00 00 0C 00 24 37 01 9A 38 03 B6 3B 02 84 3C 00 48 35 80 00 08 0B D6 09 EB 5B 0A 00 35 98 80 
11 0B DE 72 FF DE FD 
11 0B DE 72 40 02 B7 3E 00 00 3F 0C 03 42 96 35 E1 C5 
11 0B DE 72 2D 7F FF 3D 00 00 0C 00 24 37 01 9A 38 03 B6 3B 02 85 3C 00 48 35 80 00 08 0B D6 09 EB 5B 0A 00 35 1B A1 
11 0B DE 4A FF CD 3D 
11 0B DE 4A 40 02 B6 3E 00 00 3F 0C 03 42 96 34 2F 78 
11 0B DE 4A 2D 7F FF 3D 00 00 0C 00 24 37 01 9A 38 03 B6 3B 02 85 3C 00 48 35 80 00 08 0B D6 09 EB 5B 0A 00 35 13 B9 
11 0B DE 13 FF F7 6D 
11 0B DE 13 40 02 B6 3E 00 00 3F 0C 03 42 96 34 08 0B D6 09 EB 5B 0A 00 35 94 E1 
11 0B DE 13 2D 7F FF 3D 00 04 0C 00 24 37 01 9A 38 03 B6 3B 02 7C 3C 00 48 35 80 00 4B 0E 78 D2 A5 

Set time:
>>> 11 0B DE 13 08 0B D6 09 EB 14 0A 00 00 27 52

11 0B DE 62 FF D3 3D 

11 0B DD FF FF 4B AD 
11 0B DD FF 40 02 AE 3E 00 00 3F 0C 03 42 96 35 DF F0 
11 0B DD FF 2D 7F FF 3D 00 04 0C 00 24 37 01 9A 38 03 B6 3B 7F FF 3C 00 48 35 80 00 99 01 
11 0B DE 72 FF DE FD 
11 0B DE 72 40 02 B7 3E 00 00 3F 0C 03 42 96 36 A1 C4 
11 0B DE 72 2D 7F FF 3D 00 04 0C 00 24 37 01 9A 38 03 B6 3B 7F FF 3C 00 48 35 80 00 96 3D 
11 0B DE 4A FF CD 3D 
11 0B DE 4A 40 02 B6 3E 00 00 3F 0C 03 42 96 34 2F 78 
11 0B DE 4A 2D 7F FF 3D 00 04 0C 00 24 37 01 9A 38 03 B6 3B 7F FF 3C 00 48 35 80 00 C3 88 
11 0B DE 13 FF F7 6D 
11 0B DE 13 40 02 B6 3E 00 00 3F 0C 03 42 96 34 08 0B D6 09 EB 14 0A 00 07 03 E0 
11 0B DE 13 2D 7F FF 3D 00 04 0C 00 24 37 01 9A 38 03 B6 3B 7F FF 3C 00 48 35 80 00 3F 7B 

11 0B DE 62 FF D3 3D 
11 0B DE 62 40 02 CF 3E 00 00 3F 0C 03 42 96 30 9C 97 
11 0B DE 62 2D 7F FF 3D 00 04 0C 00 24 37 01 9A 38 03 B6 3B 7F FF 3C 00 48 35 80 00 C2 A8 
11 0B DD FF FF 4B AD 
11 0B DD FF 40 02 AE 3E 00 00 3F 0C 03 3C 00 48 3B 02 84 42 96 35 08 0B D6 09 EB 5C 0A 00 0C 7C 0B 
11 0B DD FF 2D 7F FF 3D 00 00 0C 00 24 37 01 9A 38 03 B6 3B 02 84 3C 00 48 35 80 00 08 0B D6 09 EB 14 0A 00 11 8E 4F 
11 0B DE 72 FF DE FD 
11 0B DE 72 40 02 B7 3E 00 00 3F 0C 03 3C 00 48 3B 02 85 42 96 36 08 0B D6 09 EB 5C 0A 00 0C 05 A0 
11 0B DE 72 2D 7F FF 3D 00 00 0C 00 24 37 01 9A 38 03 B6 3B 02 85 3C 00 48 35 80 00 08 0B D6 09 EB 14 0A 00 11 0D 6E 
11 0B DE 4A FF CD 3D 
11 0B DE 4A 40 02 B6 3E 00 00 3F 0C 03 3C 00 48 3B 02 85 42 96 34 08 0B D6 09 EB 5C 0A 00 0C 96 13 
11 0B DE 4A 2D 7F FF 3D 00 00 0C 00 24 37 01 9A 38 03 B6 3B 02 85 3C 00 48 35 80 00 08 0B D6 09 EB 14 0A 00 11 05 76 
11 0B DE 13 FF F7 6D 
11 0B DE 13 40 02 B6 3E 00 00 3F 0C 03 3C 00 48 3B 02 7C 42 96 34 08 0B D6 09 EB 14 0A 00 11 98 42 
11 0B DE 13 2D 7F FF 3D 00 04 0C 00 24 37 01 9A 38 03 B6 3B 02 7C 3C 00 48 35 80 00 4B 0E 

11 0B DE 62 FF D3 3D 
11 0B DE 62 40 02 CF 3E 00 00 3F 0C 03 3C 00 48 3B 02 85 42 96 30 08 0B D6 09 EB 5C 0A 00 16 49 94 
11 0B DE 62 2D 7F FF 3D 00 00 0C 00 24 37 01 9A 38 03 B6 3B 02 85 3C 00 48 35 80 00 08 0B D6 09 EB 14 0A 00 1B 8A F9 
11 0B DD FF FF 4B AD 
11 0B DD FF 40 02 AD 3E 00 00 3F 0C 03 42 96 35 2F FF 
11 0B DD FF 2D 7F FF 3D 00 00 0C 00 24 37 01 9A 38 03 B6 3B 02 84 3C 00 48 35 80 00 08 0B D6 09 EB 14 0A 00 1B 0E 48 
11 0B DE 72 FF DE FD 
11 0B DE 72 40 02 B7 3E 00 00 3F 0C 03 42 96 36 A1 C4 
11 0B DE 72 2D 7F FF 3D 00 00 0C 00 24 37 01 9A 38 03 B6 3B 02 85 3C 00 48 35 80 00 08 0B D6 09 EB 14 0A 00 1B 8D 69 
11 0B DE 4A FF CD 3D 
11 0B DE 4A 40 02 B6 3E 00 00 3F 0C 03 42 96 34 2F 78 
11 0B DE 4A 2D 7F FF 3D 00 00 0C 00 24 37 01 9A 38 03 B6 3B 02 85 3C 00 48 35 80 00 08 0B D6 09 EB 14 0A 00 1B 85 71 
11 0B DE 13 FF F7 6D 
11 0B DE 13 40 02 B6 3E 00 00 3F 0C 03 42 96 34 08 0B D6 09 EB 14 0A 00 1B 02 29 
11 0B DE 13 2D 7F FF 3D 00 04 0C 00 24 37 01 9A 38 03 B6 3B 02 7C 3C 00 48 35 80 00 4B 0E 

11 0B DE 62 FF D3 3D 
11 0B DE 62 40 02 CF 3E 00 00 3F 0C 03 42 96 30 9C 97 
11 0B DE 62 2D 7F FF 3D 00 00 0C 00 24 37 01 9A 38 03 B6 3B 02 85 3C 00 48 35 80 00 08 0B D6 09 EB 14 0A 00 25 0B 29 
11 0B DD FF FF 4B AD 
11 0B DD FF 40 02 AD 3E 00 00 3F 0C 03 42 96 35 2F FF 
11 0B DD FF 2D 7F FF 3D 00 00 0C 00 24 37 01 9A 38 03 B6 3B 02 84 3C 00 48 35 80 00 08 0B D6 09 EB 14 0A 00 25 8F 98 
11 0B DE 72 FF DE FD 
11 0B DE 72 40 02 B7 3E 00 00 3F 0C 03 42 96 36 A1 C4 
11 0B DE 72 2D 7F FF 3D 00 00 0C 00 24 37 01 9A 38 03 B6 3B 02 85 3C 00 48 35 80 00 08 0B D6 09 EB 14 0A 00 25 0C B9 
11 0B DE 4A FF CD 3D 
11 0B DE 4A 40 02 B6 3E 00 00 3F 0C 03 42 96 34 2F 78 
11 0B DE 4A 2D 7F FF 3D 00 00 0C 00 24 37 01 9A 38 03 B6 3B 02 85 3C 00 48 35 80 00 08 0B D6 09 EB 14 0A 00 25 04 A1 
11 0B DE 13 FF F7 6D 
11 0B DE 13 40 02 B6 3E 00 00 3F 0C 03 42 96 34 08 0B D6 09 EB 14 0A 00 25 83 F9 
11 0B DE 13 2D 7F FF 3D 00 04 0C 00 24 37 01 9A 38 03 B6 3B 02 7C 3C 00 48 35 80 00 4B 0E